{
  "stats": {
    "suites": 1,
    "tests": 1,
    "passes": 0,
    "pending": 0,
    "failures": 1,
    "start": "2024-07-16T20:58:37.945Z",
    "end": "2024-07-16T20:58:50.092Z",
    "duration": 12147,
    "testsRegistered": 1,
    "passPercent": 0,
    "pendingPercent": 0,
    "other": 0,
    "hasOther": false,
    "skipped": 0,
    "hasSkipped": false
  },
  "results": [
    {
      "uuid": "10bfb9d8-9fbf-4300-ab72-63460eec7738",
      "title": "",
      "fullFile": "cypress/e2e/signup_login.cy.js",
      "file": "cypress/e2e/signup_login.cy.js",
      "beforeHooks": [],
      "afterHooks": [],
      "tests": [],
      "suites": [
        {
          "uuid": "ea0959cd-bace-4d2a-9a79-e02b3751d99b",
          "title": "User Signup and Login",
          "fullFile": "",
          "file": "",
          "beforeHooks": [],
          "afterHooks": [],
          "tests": [
            {
              "title": "Successfully signs up and logs in",
              "fullTitle": "User Signup and Login Successfully signs up and logs in",
              "timedOut": null,
              "duration": 12108,
              "state": "failed",
              "speed": null,
              "pass": false,
              "fail": true,
              "pending": false,
              "context": null,
              "code": "cy.visit('https://dev-fe.buttonshift.com');\n// Navigate to Signup page\ncy.contains('Signup').click();\n// Fill out signup form\ncy.get('input[name=\"email\"]').type('testuser@example.com');\ncy.get('input[name=\"password\"]').type('testPassword');\ncy.get('input[name=\"confirmPassword\"]').type('testPassword');\ncy.get('button[type=\"submit\"]').click();\n// Verify successful signup\ncy.url().should('include', '/community');\n// Navigate to Login page\ncy.contains('Login').click();\n// Fill out login form\ncy.get('input[name=\"email\"]').type('testuser@example.com');\ncy.get('input[name=\"password\"]').type('testPassword');\ncy.get('button[type=\"submit\"]').click();\n// Verify successful login\ncy.contains('Logout').should('exist');",
              "err": {
                "message": "AssertionError: Timed out retrying after 4000ms: Expected to find content: 'Signup' but never did.",
                "estack": "AssertionError: Timed out retrying after 4000ms: Expected to find content: 'Signup' but never did.\n    at Context.eval (webpack://test-automation/./cypress/e2e/signup_login.cy.js:6:9)",
                "diff": null
              },
              "uuid": "7fc6e2b6-e570-47ec-877c-98b9f9febc1e",
              "parentUUID": "ea0959cd-bace-4d2a-9a79-e02b3751d99b",
              "isHook": false,
              "skipped": false
            }
          ],
          "suites": [],
          "passes": [],
          "failures": [
            "7fc6e2b6-e570-47ec-877c-98b9f9febc1e"
          ],
          "pending": [],
          "skipped": [],
          "duration": 12108,
          "root": false,
          "rootEmpty": false,
          "_timeout": 2000
        }
      ],
      "passes": [],
      "failures": [],
      "pending": [],
      "skipped": [],
      "duration": 0,
      "root": true,
      "rootEmpty": true,
      "_timeout": 2000
    }
  ],
  "meta": {
    "mocha": {
      "version": "7.0.1"
    },
    "mochawesome": {
      "options": {
        "quiet": false,
        "reportFilename": "mochawesome",
        "saveHtml": true,
        "saveJson": true,
        "consoleReporter": "spec",
        "useInlineDiffs": false,
        "code": true
      },
      "version": "7.1.3"
    },
    "marge": {
      "options": {
        "reportDir": "cypress/reports",
        "overwrite": false,
        "html": true,
        "json": true
      },
      "version": "6.2.0"
    }
  }
}